<?xml version="1.0" encoding="UTF-8"?>
<testng-results skipped="0" failed="0" ignored="0" total="3" passed="3">
  <reporter-output>
  </reporter-output>
  <suite name="SystemSuite" duration-ms="42773" started-at="2020-04-26T16:48:10Z" finished-at="2020-04-26T16:48:53Z">
    <groups>
    </groups>
    <test name="SystemTest" duration-ms="42773" started-at="2020-04-26T16:48:10Z" finished-at="2020-04-26T16:48:53Z">
      <class name="TestWeb.AdminTest">
        <test-method status="PASS" signature="admin_test()[pri:0, instance:TestWeb.AdminTest@2acf57e3]" name="admin_test" duration-ms="16448" started-at="2020-04-26T19:48:37Z" finished-at="2020-04-26T19:48:53Z">
          <reporter-output>
          </reporter-output>
        </test-method> <!-- admin_test -->
      </class> <!-- TestWeb.AdminTest -->
      <class name="TestWeb.UserTest">
        <test-method status="PASS" signature="user_test()[pri:0, instance:TestWeb.UserTest@2812cbfa]" name="user_test" duration-ms="10721" started-at="2020-04-26T19:48:26Z" finished-at="2020-04-26T19:48:37Z">
          <reporter-output>
          </reporter-output>
        </test-method> <!-- user_test -->
      </class> <!-- TestWeb.UserTest -->
      <class name="TestWeb.GuestTest">
        <test-method status="PASS" signature="guest_test()[pri:0, instance:TestWeb.GuestTest@6fadae5d]" name="guest_test" duration-ms="15576" started-at="2020-04-26T19:48:11Z" finished-at="2020-04-26T19:48:26Z">
          <reporter-output>
          </reporter-output>
        </test-method> <!-- guest_test -->
      </class> <!-- TestWeb.GuestTest -->
    </test> <!-- SystemTest -->
  </suite> <!-- SystemSuite -->
</testng-results>
